<?xml version="1.0" encoding="UTF-8"?>
<robot generator="Robot 5.0.1 (Python 3.10.6 on linux)" generated="20221121 08:50:33.280" rpa="false" schemaversion="3">
<suite id="s1" name="JogatinaBDDs.tests" source="/home/kelvin/estudos/gazeu_test/automation/tests/JogatinaBDDs.tests.robot">
<test id="s1-t1" name="Cenário 1 - Fazer Login Válido" line="11">
<kw name="Start Test" library="hooks.pages.commons" type="SETUP">
<kw name="Open Browser" library="SeleniumLibrary">
<arg>${URL_HOST}</arg>
<arg>${BROWSER}</arg>
<doc>Opens a new browser instance to the optional ``url``.</doc>
<msg timestamp="20221121 08:50:33.393" level="INFO">Opening browser 'chrome' to base url 'https://www.jogatina.com/'.</msg>
<status status="PASS" starttime="20221121 08:50:33.392" endtime="20221121 08:50:35.635"/>
</kw>
<kw name="Maximize Browser Window" library="SeleniumLibrary">
<doc>Maximizes current browser window.</doc>
<status status="PASS" starttime="20221121 08:50:35.635" endtime="20221121 08:50:35.737"/>
</kw>
<kw name="Set Selenium Implicit Wait" library="SeleniumLibrary">
<arg>${TIME_TO_WAIT}</arg>
<doc>Sets the implicit wait value used by Selenium.</doc>
<status status="PASS" starttime="20221121 08:50:35.738" endtime="20221121 08:50:35.738"/>
</kw>
<status status="PASS" starttime="20221121 08:50:33.392" endtime="20221121 08:50:35.739"/>
</kw>
<kw name="Given que estou no site jogatina" library="HomeJogatina.pages">
<kw name="Element Should Be Visible" library="SeleniumLibrary">
<arg>${LOGO_VALIDATE}</arg>
<doc>Verifies that the element identified by ``locator`` is visible.</doc>
<msg timestamp="20221121 08:50:35.755" level="INFO">Element '//h1[contains(@class,'titulo')]' is displayed.</msg>
<status status="PASS" starttime="20221121 08:50:35.739" endtime="20221121 08:50:35.755"/>
</kw>
<status status="PASS" starttime="20221121 08:50:35.739" endtime="20221121 08:50:35.756"/>
</kw>
<kw name="When clique em entrar" library="HomeJogatina.pages">
<kw name="Click Element" library="SeleniumLibrary">
<arg>${BTN_ENTRAR}</arg>
<doc>Click the element identified by ``locator``.</doc>
<msg timestamp="20221121 08:50:35.757" level="INFO">Clicking element '//a[@tabindex='0'][contains(.,'Entrar')]'.</msg>
<status status="PASS" starttime="20221121 08:50:35.756" endtime="20221121 08:50:35.824"/>
</kw>
<status status="PASS" starttime="20221121 08:50:35.756" endtime="20221121 08:50:35.825"/>
</kw>
<kw name="And digite o email" library="HomeJogatina.pages">
<kw name="Wait Until Element Is Visible" library="SeleniumLibrary">
<arg>${CAMPO_EMAIL}</arg>
<doc>Waits until the element ``locator`` is visible.</doc>
<status status="PASS" starttime="20221121 08:50:35.825" endtime="20221121 08:50:35.846"/>
</kw>
<kw name="Input Text" library="SeleniumLibrary">
<arg>${CAMPO_EMAIL}</arg>
<arg>${EMAIL_USER}</arg>
<doc>Types the given ``text`` into the text field identified by ``locator``.</doc>
<msg timestamp="20221121 08:50:35.847" level="INFO">Typing text 'trebikelvin@gmail.com' into text field '//input[@tabindex='1']'.</msg>
<status status="PASS" starttime="20221121 08:50:35.846" endtime="20221121 08:50:35.896"/>
</kw>
<status status="PASS" starttime="20221121 08:50:35.825" endtime="20221121 08:50:35.896"/>
</kw>
<kw name="And lembrar email" library="HomeJogatina.pages">
<kw name="Click Element" library="SeleniumLibrary">
<arg>${EMAIL_SAVE}</arg>
<doc>Click the element identified by ``locator``.</doc>
<msg timestamp="20221121 08:50:35.898" level="INFO">Clicking element '//input[@type='checkbox']'.</msg>
<status status="PASS" starttime="20221121 08:50:35.897" endtime="20221121 08:50:35.935"/>
</kw>
<status status="PASS" starttime="20221121 08:50:35.897" endtime="20221121 08:50:35.935"/>
</kw>
<kw name="And digite a senha" library="HomeJogatina.pages">
<kw name="Click Element" library="SeleniumLibrary">
<arg>${CAMPO_SENHA}</arg>
<doc>Click the element identified by ``locator``.</doc>
<msg timestamp="20221121 08:50:35.936" level="INFO">Clicking element '//input[@placeholder='Senha']'.</msg>
<status status="PASS" starttime="20221121 08:50:35.935" endtime="20221121 08:50:35.972"/>
</kw>
<kw name="Input Password" library="SeleniumLibrary">
<arg>${CAMPO_SENHA}</arg>
<arg>${SENHA_USER}</arg>
<doc>Types the given password into the text field identified by ``locator``.</doc>
<msg timestamp="20221121 08:50:35.972" level="INFO">Typing password into text field '//input[@placeholder='Senha']'.</msg>
<msg timestamp="20221121 08:50:36.006" level="INFO">Temporally setting log level to: NONE</msg>
<msg timestamp="20221121 08:50:36.022" level="INFO">Log level changed from NONE to INFO.</msg>
<status status="PASS" starttime="20221121 08:50:35.972" endtime="20221121 08:50:36.022"/>
</kw>
<status status="PASS" starttime="20221121 08:50:35.935" endtime="20221121 08:50:36.022"/>
</kw>
<kw name="And clique no botao entrar login" library="HomeJogatina.pages">
<kw name="Click Element" library="SeleniumLibrary">
<arg>${BTN_LOGIN}</arg>
<doc>Click the element identified by ``locator``.</doc>
<msg timestamp="20221121 08:50:36.023" level="INFO">Clicking element '//input[@tabindex='3']'.</msg>
<status status="PASS" starttime="20221121 08:50:36.023" endtime="20221121 08:50:36.073"/>
</kw>
<status status="PASS" starttime="20221121 08:50:36.022" endtime="20221121 08:50:36.073"/>
</kw>
<kw name="Then deve ser redirecionado a page welcome do jogatina" library="HomeJogatina.pages">
<kw name="Element Should Be Visible" library="SeleniumLibrary">
<arg>${VALIDATION_LOGIN}</arg>
<doc>Verifies that the element identified by ``locator`` is visible.</doc>
<msg timestamp="20221121 08:50:36.890" level="INFO">Element '//a[@ga-event-action='Seja VIP']' is displayed.</msg>
<status status="PASS" starttime="20221121 08:50:36.073" endtime="20221121 08:50:36.890"/>
</kw>
<status status="PASS" starttime="20221121 08:50:36.073" endtime="20221121 08:50:36.890"/>
</kw>
<kw name="Finish Test" library="hooks.pages.commons" type="TEARDOWN">
<kw name="Capture Page Screenshot" library="SeleniumLibrary">
<doc>Takes a screenshot of the current page and embeds it into a log file.</doc>
<msg timestamp="20221121 08:50:38.243" level="INFO" html="true">&lt;/td&gt;&lt;/tr&gt;&lt;tr&gt;&lt;td colspan="3"&gt;&lt;a href="selenium-screenshot-1.png"&gt;&lt;img src="selenium-screenshot-1.png" width="800px"&gt;&lt;/a&gt;</msg>
<status status="PASS" starttime="20221121 08:50:36.890" endtime="20221121 08:50:38.243"/>
</kw>
<kw name="Close Browser" library="SeleniumLibrary">
<doc>Closes the current browser.</doc>
<status status="PASS" starttime="20221121 08:50:38.243" endtime="20221121 08:50:38.302"/>
</kw>
<status status="PASS" starttime="20221121 08:50:36.890" endtime="20221121 08:50:38.302"/>
</kw>
<status status="PASS" starttime="20221121 08:50:33.391" endtime="20221121 08:50:38.303"/>
</test>
<test id="s1-t2" name="Cénario 2 - Fazer Login Inválido" line="20">
<kw name="Start Test" library="hooks.pages.commons" type="SETUP">
<kw name="Open Browser" library="SeleniumLibrary">
<arg>${URL_HOST}</arg>
<arg>${BROWSER}</arg>
<doc>Opens a new browser instance to the optional ``url``.</doc>
<msg timestamp="20221121 08:50:38.304" level="INFO">Opening browser 'chrome' to base url 'https://www.jogatina.com/'.</msg>
<status status="PASS" starttime="20221121 08:50:38.304" endtime="20221121 08:50:40.562"/>
</kw>
<kw name="Maximize Browser Window" library="SeleniumLibrary">
<doc>Maximizes current browser window.</doc>
<status status="PASS" starttime="20221121 08:50:40.562" endtime="20221121 08:50:40.666"/>
</kw>
<kw name="Set Selenium Implicit Wait" library="SeleniumLibrary">
<arg>${TIME_TO_WAIT}</arg>
<doc>Sets the implicit wait value used by Selenium.</doc>
<status status="PASS" starttime="20221121 08:50:40.666" endtime="20221121 08:50:40.667"/>
</kw>
<status status="PASS" starttime="20221121 08:50:38.303" endtime="20221121 08:50:40.667"/>
</kw>
<kw name="Given que estou no site jogatina" library="HomeJogatina.pages">
<kw name="Element Should Be Visible" library="SeleniumLibrary">
<arg>${LOGO_VALIDATE}</arg>
<doc>Verifies that the element identified by ``locator`` is visible.</doc>
<msg timestamp="20221121 08:50:40.683" level="INFO">Element '//h1[contains(@class,'titulo')]' is displayed.</msg>
<status status="PASS" starttime="20221121 08:50:40.668" endtime="20221121 08:50:40.683"/>
</kw>
<status status="PASS" starttime="20221121 08:50:40.668" endtime="20221121 08:50:40.683"/>
</kw>
<kw name="When clique em entrar" library="HomeJogatina.pages">
<kw name="Click Element" library="SeleniumLibrary">
<arg>${BTN_ENTRAR}</arg>
<doc>Click the element identified by ``locator``.</doc>
<msg timestamp="20221121 08:50:40.684" level="INFO">Clicking element '//a[@tabindex='0'][contains(.,'Entrar')]'.</msg>
<status status="PASS" starttime="20221121 08:50:40.684" endtime="20221121 08:50:40.753"/>
</kw>
<status status="PASS" starttime="20221121 08:50:40.683" endtime="20221121 08:50:40.753"/>
</kw>
<kw name="And digite o email" library="HomeJogatina.pages">
<kw name="Wait Until Element Is Visible" library="SeleniumLibrary">
<arg>${CAMPO_EMAIL}</arg>
<doc>Waits until the element ``locator`` is visible.</doc>
<status status="PASS" starttime="20221121 08:50:40.754" endtime="20221121 08:50:40.773"/>
</kw>
<kw name="Input Text" library="SeleniumLibrary">
<arg>${CAMPO_EMAIL}</arg>
<arg>${EMAIL_USER}</arg>
<doc>Types the given ``text`` into the text field identified by ``locator``.</doc>
<msg timestamp="20221121 08:50:40.774" level="INFO">Typing text 'trebikelvin@gmail.com' into text field '//input[@tabindex='1']'.</msg>
<status status="PASS" starttime="20221121 08:50:40.773" endtime="20221121 08:50:40.825"/>
</kw>
<status status="PASS" starttime="20221121 08:50:40.753" endtime="20221121 08:50:40.825"/>
</kw>
<kw name="And digite a senha inválida" library="HomeJogatina.pages">
<kw name="Click Element" library="SeleniumLibrary">
<arg>${CAMPO_SENHA}</arg>
<doc>Click the element identified by ``locator``.</doc>
<msg timestamp="20221121 08:50:40.826" level="INFO">Clicking element '//input[@placeholder='Senha']'.</msg>
<status status="PASS" starttime="20221121 08:50:40.825" endtime="20221121 08:50:40.869"/>
</kw>
<kw name="Input Password" library="SeleniumLibrary">
<arg>${CAMPO_SENHA}</arg>
<arg>${SENHA_INVALID}</arg>
<doc>Types the given password into the text field identified by ``locator``.</doc>
<msg timestamp="20221121 08:50:40.869" level="INFO">Typing password into text field '//input[@placeholder='Senha']'.</msg>
<msg timestamp="20221121 08:50:40.887" level="INFO">Temporally setting log level to: NONE</msg>
<msg timestamp="20221121 08:50:40.905" level="INFO">Log level changed from NONE to INFO.</msg>
<status status="PASS" starttime="20221121 08:50:40.869" endtime="20221121 08:50:40.905"/>
</kw>
<status status="PASS" starttime="20221121 08:50:40.825" endtime="20221121 08:50:40.905"/>
</kw>
<kw name="And clique no botao entrar login" library="HomeJogatina.pages">
<kw name="Click Element" library="SeleniumLibrary">
<arg>${BTN_LOGIN}</arg>
<doc>Click the element identified by ``locator``.</doc>
<msg timestamp="20221121 08:50:40.906" level="INFO">Clicking element '//input[@tabindex='3']'.</msg>
<status status="PASS" starttime="20221121 08:50:40.905" endtime="20221121 08:50:41.535"/>
</kw>
<status status="PASS" starttime="20221121 08:50:40.905" endtime="20221121 08:50:41.535"/>
</kw>
<kw name="Then deverá ser exibido a mensagem &quot;Email ou senha incorretos. Por favor, tente novamente.&quot;" library="HomeJogatina.pages">
<kw name="Element Should Be Visible" library="SeleniumLibrary">
<arg>${MSG_INVALID}</arg>
<doc>Verifies that the element identified by ``locator`` is visible.</doc>
<msg timestamp="20221121 08:50:41.555" level="INFO">Element '//span[contains(.,'Email ou senha incorretos. Por favor, tente novamente.')]' is displayed.</msg>
<status status="PASS" starttime="20221121 08:50:41.536" endtime="20221121 08:50:41.555"/>
</kw>
<status status="PASS" starttime="20221121 08:50:41.536" endtime="20221121 08:50:41.555"/>
</kw>
<kw name="Finish Test" library="hooks.pages.commons" type="TEARDOWN">
<kw name="Capture Page Screenshot" library="SeleniumLibrary">
<doc>Takes a screenshot of the current page and embeds it into a log file.</doc>
<msg timestamp="20221121 08:50:41.680" level="INFO" html="true">&lt;/td&gt;&lt;/tr&gt;&lt;tr&gt;&lt;td colspan="3"&gt;&lt;a href="selenium-screenshot-2.png"&gt;&lt;img src="selenium-screenshot-2.png" width="800px"&gt;&lt;/a&gt;</msg>
<status status="PASS" starttime="20221121 08:50:41.556" endtime="20221121 08:50:41.680"/>
</kw>
<kw name="Close Browser" library="SeleniumLibrary">
<doc>Closes the current browser.</doc>
<status status="PASS" starttime="20221121 08:50:41.680" endtime="20221121 08:50:41.741"/>
</kw>
<status status="PASS" starttime="20221121 08:50:41.556" endtime="20221121 08:50:41.741"/>
</kw>
<status status="PASS" starttime="20221121 08:50:38.303" endtime="20221121 08:50:41.741"/>
</test>
<test id="s1-t3" name="Cénario 3 - Realizar plano seja VIP parcelado" line="28">
<kw name="Start Test" library="hooks.pages.commons" type="SETUP">
<kw name="Open Browser" library="SeleniumLibrary">
<arg>${URL_HOST}</arg>
<arg>${BROWSER}</arg>
<doc>Opens a new browser instance to the optional ``url``.</doc>
<msg timestamp="20221121 08:50:41.743" level="INFO">Opening browser 'chrome' to base url 'https://www.jogatina.com/'.</msg>
<status status="PASS" starttime="20221121 08:50:41.742" endtime="20221121 08:50:43.957"/>
</kw>
<kw name="Maximize Browser Window" library="SeleniumLibrary">
<doc>Maximizes current browser window.</doc>
<status status="PASS" starttime="20221121 08:50:43.957" endtime="20221121 08:50:44.060"/>
</kw>
<kw name="Set Selenium Implicit Wait" library="SeleniumLibrary">
<arg>${TIME_TO_WAIT}</arg>
<doc>Sets the implicit wait value used by Selenium.</doc>
<status status="PASS" starttime="20221121 08:50:44.060" endtime="20221121 08:50:44.061"/>
</kw>
<status status="PASS" starttime="20221121 08:50:41.742" endtime="20221121 08:50:44.061"/>
</kw>
<kw name="Given que esteja logado com login válido" library="HomeJogatina.pages">
<kw name="Element Should Be Visible" library="SeleniumLibrary">
<arg>${LOGO_VALIDATE}</arg>
<doc>Verifies that the element identified by ``locator`` is visible.</doc>
<msg timestamp="20221121 08:50:44.098" level="INFO">Element '//h1[contains(@class,'titulo')]' is displayed.</msg>
<status status="PASS" starttime="20221121 08:50:44.061" endtime="20221121 08:50:44.098"/>
</kw>
<kw name="Click Element" library="SeleniumLibrary">
<arg>${BTN_ENTRAR}</arg>
<doc>Click the element identified by ``locator``.</doc>
<msg timestamp="20221121 08:50:44.099" level="INFO">Clicking element '//a[@tabindex='0'][contains(.,'Entrar')]'.</msg>
<status status="PASS" starttime="20221121 08:50:44.098" endtime="20221121 08:50:44.155"/>
</kw>
<kw name="Wait Until Element Is Visible" library="SeleniumLibrary">
<arg>${CAMPO_EMAIL}</arg>
<doc>Waits until the element ``locator`` is visible.</doc>
<status status="PASS" starttime="20221121 08:50:44.155" endtime="20221121 08:50:44.173"/>
</kw>
<kw name="Input Text" library="SeleniumLibrary">
<arg>${CAMPO_EMAIL}</arg>
<arg>${EMAIL_USER}</arg>
<doc>Types the given ``text`` into the text field identified by ``locator``.</doc>
<msg timestamp="20221121 08:50:44.173" level="INFO">Typing text 'trebikelvin@gmail.com' into text field '//input[@tabindex='1']'.</msg>
<status status="PASS" starttime="20221121 08:50:44.173" endtime="20221121 08:50:44.223"/>
</kw>
<kw name="Click Element" library="SeleniumLibrary">
<arg>${CAMPO_SENHA}</arg>
<doc>Click the element identified by ``locator``.</doc>
<msg timestamp="20221121 08:50:44.224" level="INFO">Clicking element '//input[@placeholder='Senha']'.</msg>
<status status="PASS" starttime="20221121 08:50:44.223" endtime="20221121 08:50:44.258"/>
</kw>
<kw name="Input Password" library="SeleniumLibrary">
<arg>${CAMPO_SENHA}</arg>
<arg>${SENHA_USER}</arg>
<doc>Types the given password into the text field identified by ``locator``.</doc>
<msg timestamp="20221121 08:50:44.259" level="INFO">Typing password into text field '//input[@placeholder='Senha']'.</msg>
<msg timestamp="20221121 08:50:44.278" level="INFO">Temporally setting log level to: NONE</msg>
<msg timestamp="20221121 08:50:44.295" level="INFO">Log level changed from NONE to INFO.</msg>
<status status="PASS" starttime="20221121 08:50:44.258" endtime="20221121 08:50:44.295"/>
</kw>
<kw name="Click Element" library="SeleniumLibrary">
<arg>${BTN_LOGIN}</arg>
<doc>Click the element identified by ``locator``.</doc>
<msg timestamp="20221121 08:50:44.296" level="INFO">Clicking element '//input[@tabindex='3']'.</msg>
<status status="PASS" starttime="20221121 08:50:44.295" endtime="20221121 08:50:44.348"/>
</kw>
<kw name="Element Should Be Visible" library="SeleniumLibrary">
<arg>${VALIDATION_LOGIN}</arg>
<doc>Verifies that the element identified by ``locator`` is visible.</doc>
<msg timestamp="20221121 08:50:45.127" level="INFO">Element '//a[@ga-event-action='Seja VIP']' is displayed.</msg>
<status status="PASS" starttime="20221121 08:50:44.348" endtime="20221121 08:50:45.127"/>
</kw>
<status status="PASS" starttime="20221121 08:50:44.061" endtime="20221121 08:50:45.127"/>
</kw>
<kw name="When clique em seja vip" library="HomeJogatina.pages">
<kw name="Click Element" library="SeleniumLibrary">
<arg>${SEJA_VIP}</arg>
<doc>Click the element identified by ``locator``.</doc>
<msg timestamp="20221121 08:50:45.128" level="INFO">Clicking element '//a[contains(@ga-event-action,'Seja VIP')]'.</msg>
<status status="PASS" starttime="20221121 08:50:45.128" endtime="20221121 08:50:45.376"/>
</kw>
<status status="PASS" starttime="20221121 08:50:45.128" endtime="20221121 08:50:45.376"/>
</kw>
<kw name="And selecione o mais escolhido" library="HomeJogatina.pages">
<kw name="Click Element" library="SeleniumLibrary">
<arg>${PLANO_CHOICE}</arg>
<doc>Click the element identified by ``locator``.</doc>
<msg timestamp="20221121 08:50:45.376" level="INFO">Clicking element '//span[@class='box-plan__price-value js-plan-value'][contains(.,'12,99')]'.</msg>
<status status="PASS" starttime="20221121 08:50:45.376" endtime="20221121 08:50:46.055"/>
</kw>
<status status="PASS" starttime="20221121 08:50:45.376" endtime="20221121 08:50:46.055"/>
</kw>
<kw name="And a forma de pagamento seja cartão" library="HomeJogatina.pages">
<kw name="Click Element" library="SeleniumLibrary">
<arg>${PAG_FORMA}</arg>
<doc>Click the element identified by ``locator``.</doc>
<msg timestamp="20221121 08:50:46.056" level="INFO">Clicking element '//a[contains(@data-payment-method,'credit-card')]'.</msg>
<status status="PASS" starttime="20221121 08:50:46.056" endtime="20221121 08:50:46.105"/>
</kw>
<status status="PASS" starttime="20221121 08:50:46.055" endtime="20221121 08:50:46.105"/>
</kw>
<kw name="And preencha os dados" library="HomeJogatina.pages">
<kw name="Input Text" library="SeleniumLibrary">
<arg>${BOX_CARD}</arg>
<arg>${CARD_NUMBER}</arg>
<doc>Types the given ``text`` into the text field identified by ``locator``.</doc>
<msg timestamp="20221121 08:50:46.105" level="INFO">Typing text '5144 6209 3773 6750' into text field '//input[contains(@name,'cardNumber')]'.</msg>
<status status="PASS" starttime="20221121 08:50:46.105" endtime="20221121 08:50:46.178"/>
</kw>
<kw name="Input Text" library="SeleniumLibrary">
<arg>${BOX_NAME}</arg>
<arg>${COMPLET_NAME}</arg>
<doc>Types the given ``text`` into the text field identified by ``locator``.</doc>
<msg timestamp="20221121 08:50:46.179" level="INFO">Typing text 'Maria Jose Teste' into text field '//input[contains(@name,'cardName')]'.</msg>
<status status="PASS" starttime="20221121 08:50:46.178" endtime="20221121 08:50:46.238"/>
</kw>
<kw name="Click Element" library="SeleniumLibrary">
<arg>${EXPIRATION_YEAR}</arg>
<doc>Click the element identified by ``locator``.</doc>
<msg timestamp="20221121 08:50:46.239" level="INFO">Clicking element '//option[@value='2023'][contains(.,'23')]'.</msg>
<status status="PASS" starttime="20221121 08:50:46.238" endtime="20221121 08:50:46.259"/>
</kw>
<kw name="Click Element" library="SeleniumLibrary">
<arg>${EXPIRATION_MONTH}</arg>
<doc>Click the element identified by ``locator``.</doc>
<msg timestamp="20221121 08:50:46.260" level="INFO">Clicking element '//option[@value='03'][contains(.,'03 (Março)')]'.</msg>
<status status="PASS" starttime="20221121 08:50:46.259" endtime="20221121 08:50:46.279"/>
</kw>
<kw name="Input Text" library="SeleniumLibrary">
<arg>${SECURIY_BOX}</arg>
<arg>${SECURITY_CODE}</arg>
<doc>Types the given ``text`` into the text field identified by ``locator``.</doc>
<msg timestamp="20221121 08:50:46.280" level="INFO">Typing text '187' into text field '//input[contains(@name,'cardCSEG')]'.</msg>
<status status="PASS" starttime="20221121 08:50:46.280" endtime="20221121 08:50:46.327"/>
</kw>
<status status="PASS" starttime="20221121 08:50:46.105" endtime="20221121 08:50:46.327"/>
</kw>
<kw name="And selecione parcelado" library="HomeJogatina.pages">
<kw name="Click Element" library="SeleniumLibrary">
<arg>${PARCELADO}</arg>
<doc>Click the element identified by ``locator``.</doc>
<msg timestamp="20221121 08:50:46.327" level="INFO">Clicking element '//button[@type='button'][contains(.,'Parcelado')]'.</msg>
<status status="PASS" starttime="20221121 08:50:46.327" endtime="20221121 08:50:46.365"/>
</kw>
<status status="PASS" starttime="20221121 08:50:46.327" endtime="20221121 08:50:46.365"/>
</kw>
<kw name="Then assine o plano" library="HomeJogatina.pages">
<kw name="Click Element" library="SeleniumLibrary">
<arg>${ASSINATION}</arg>
<doc>Click the element identified by ``locator``.</doc>
<msg timestamp="20221121 08:50:46.366" level="INFO">Clicking element '//button[@type='submit'][contains(.,'Assinar')]'.</msg>
<status status="PASS" starttime="20221121 08:50:46.365" endtime="20221121 08:50:46.415"/>
</kw>
<status status="PASS" starttime="20221121 08:50:46.365" endtime="20221121 08:50:46.415"/>
</kw>
<kw name="Finish Test" library="hooks.pages.commons" type="TEARDOWN">
<kw name="Capture Page Screenshot" library="SeleniumLibrary">
<doc>Takes a screenshot of the current page and embeds it into a log file.</doc>
<msg timestamp="20221121 08:50:46.555" level="INFO" html="true">&lt;/td&gt;&lt;/tr&gt;&lt;tr&gt;&lt;td colspan="3"&gt;&lt;a href="selenium-screenshot-3.png"&gt;&lt;img src="selenium-screenshot-3.png" width="800px"&gt;&lt;/a&gt;</msg>
<status status="PASS" starttime="20221121 08:50:46.415" endtime="20221121 08:50:46.555"/>
</kw>
<kw name="Close Browser" library="SeleniumLibrary">
<doc>Closes the current browser.</doc>
<status status="PASS" starttime="20221121 08:50:46.555" endtime="20221121 08:50:46.613"/>
</kw>
<status status="PASS" starttime="20221121 08:50:46.415" endtime="20221121 08:50:46.613"/>
</kw>
<status status="PASS" starttime="20221121 08:50:41.742" endtime="20221121 08:50:46.614"/>
</test>
<test id="s1-t4" name="Cénario 4 - Realizar plano seja VIP à vista" line="37">
<kw name="Start Test" library="hooks.pages.commons" type="SETUP">
<kw name="Open Browser" library="SeleniumLibrary">
<arg>${URL_HOST}</arg>
<arg>${BROWSER}</arg>
<doc>Opens a new browser instance to the optional ``url``.</doc>
<msg timestamp="20221121 08:50:46.615" level="INFO">Opening browser 'chrome' to base url 'https://www.jogatina.com/'.</msg>
<status status="PASS" starttime="20221121 08:50:46.615" endtime="20221121 08:50:48.895"/>
</kw>
<kw name="Maximize Browser Window" library="SeleniumLibrary">
<doc>Maximizes current browser window.</doc>
<status status="PASS" starttime="20221121 08:50:48.895" endtime="20221121 08:50:48.999"/>
</kw>
<kw name="Set Selenium Implicit Wait" library="SeleniumLibrary">
<arg>${TIME_TO_WAIT}</arg>
<doc>Sets the implicit wait value used by Selenium.</doc>
<status status="PASS" starttime="20221121 08:50:48.999" endtime="20221121 08:50:49.001"/>
</kw>
<status status="PASS" starttime="20221121 08:50:46.614" endtime="20221121 08:50:49.001"/>
</kw>
<kw name="Given que esteja logado com login válido" library="HomeJogatina.pages">
<kw name="Element Should Be Visible" library="SeleniumLibrary">
<arg>${LOGO_VALIDATE}</arg>
<doc>Verifies that the element identified by ``locator`` is visible.</doc>
<msg timestamp="20221121 08:50:49.017" level="INFO">Element '//h1[contains(@class,'titulo')]' is displayed.</msg>
<status status="PASS" starttime="20221121 08:50:49.002" endtime="20221121 08:50:49.017"/>
</kw>
<kw name="Click Element" library="SeleniumLibrary">
<arg>${BTN_ENTRAR}</arg>
<doc>Click the element identified by ``locator``.</doc>
<msg timestamp="20221121 08:50:49.019" level="INFO">Clicking element '//a[@tabindex='0'][contains(.,'Entrar')]'.</msg>
<status status="PASS" starttime="20221121 08:50:49.017" endtime="20221121 08:50:49.074"/>
</kw>
<kw name="Wait Until Element Is Visible" library="SeleniumLibrary">
<arg>${CAMPO_EMAIL}</arg>
<doc>Waits until the element ``locator`` is visible.</doc>
<status status="PASS" starttime="20221121 08:50:49.075" endtime="20221121 08:50:49.095"/>
</kw>
<kw name="Input Text" library="SeleniumLibrary">
<arg>${CAMPO_EMAIL}</arg>
<arg>${EMAIL_USER}</arg>
<doc>Types the given ``text`` into the text field identified by ``locator``.</doc>
<msg timestamp="20221121 08:50:49.095" level="INFO">Typing text 'trebikelvin@gmail.com' into text field '//input[@tabindex='1']'.</msg>
<status status="PASS" starttime="20221121 08:50:49.095" endtime="20221121 08:50:49.156"/>
</kw>
<kw name="Click Element" library="SeleniumLibrary">
<arg>${CAMPO_SENHA}</arg>
<doc>Click the element identified by ``locator``.</doc>
<msg timestamp="20221121 08:50:49.156" level="INFO">Clicking element '//input[@placeholder='Senha']'.</msg>
<status status="PASS" starttime="20221121 08:50:49.156" endtime="20221121 08:50:49.195"/>
</kw>
<kw name="Input Password" library="SeleniumLibrary">
<arg>${CAMPO_SENHA}</arg>
<arg>${SENHA_USER}</arg>
<doc>Types the given password into the text field identified by ``locator``.</doc>
<msg timestamp="20221121 08:50:49.195" level="INFO">Typing password into text field '//input[@placeholder='Senha']'.</msg>
<msg timestamp="20221121 08:50:49.216" level="INFO">Temporally setting log level to: NONE</msg>
<msg timestamp="20221121 08:50:49.235" level="INFO">Log level changed from NONE to INFO.</msg>
<status status="PASS" starttime="20221121 08:50:49.195" endtime="20221121 08:50:49.235"/>
</kw>
<kw name="Click Element" library="SeleniumLibrary">
<arg>${BTN_LOGIN}</arg>
<doc>Click the element identified by ``locator``.</doc>
<msg timestamp="20221121 08:50:49.236" level="INFO">Clicking element '//input[@tabindex='3']'.</msg>
<status status="PASS" starttime="20221121 08:50:49.235" endtime="20221121 08:50:51.036"/>
</kw>
<kw name="Element Should Be Visible" library="SeleniumLibrary">
<arg>${VALIDATION_LOGIN}</arg>
<doc>Verifies that the element identified by ``locator`` is visible.</doc>
<msg timestamp="20221121 08:50:51.054" level="INFO">Element '//a[@ga-event-action='Seja VIP']' is displayed.</msg>
<status status="PASS" starttime="20221121 08:50:51.036" endtime="20221121 08:50:51.054"/>
</kw>
<status status="PASS" starttime="20221121 08:50:49.001" endtime="20221121 08:50:51.054"/>
</kw>
<kw name="When clique em seja vip" library="HomeJogatina.pages">
<kw name="Click Element" library="SeleniumLibrary">
<arg>${SEJA_VIP}</arg>
<doc>Click the element identified by ``locator``.</doc>
<msg timestamp="20221121 08:50:51.055" level="INFO">Clicking element '//a[contains(@ga-event-action,'Seja VIP')]'.</msg>
<status status="PASS" starttime="20221121 08:50:51.055" endtime="20221121 08:50:51.633"/>
</kw>
<status status="PASS" starttime="20221121 08:50:51.055" endtime="20221121 08:50:51.633"/>
</kw>
<kw name="And selecione o mais escolhido" library="HomeJogatina.pages">
<kw name="Click Element" library="SeleniumLibrary">
<arg>${PLANO_CHOICE}</arg>
<doc>Click the element identified by ``locator``.</doc>
<msg timestamp="20221121 08:50:51.634" level="INFO">Clicking element '//span[@class='box-plan__price-value js-plan-value'][contains(.,'12,99')]'.</msg>
<status status="PASS" starttime="20221121 08:50:51.633" endtime="20221121 08:50:51.719"/>
</kw>
<status status="PASS" starttime="20221121 08:50:51.633" endtime="20221121 08:50:51.719"/>
</kw>
<kw name="And a forma de pagamento seja cartão" library="HomeJogatina.pages">
<kw name="Click Element" library="SeleniumLibrary">
<arg>${PAG_FORMA}</arg>
<doc>Click the element identified by ``locator``.</doc>
<msg timestamp="20221121 08:50:51.720" level="INFO">Clicking element '//a[contains(@data-payment-method,'credit-card')]'.</msg>
<status status="PASS" starttime="20221121 08:50:51.720" endtime="20221121 08:50:51.762"/>
</kw>
<status status="PASS" starttime="20221121 08:50:51.720" endtime="20221121 08:50:51.762"/>
</kw>
<kw name="And preencha os dados" library="HomeJogatina.pages">
<kw name="Input Text" library="SeleniumLibrary">
<arg>${BOX_CARD}</arg>
<arg>${CARD_NUMBER}</arg>
<doc>Types the given ``text`` into the text field identified by ``locator``.</doc>
<msg timestamp="20221121 08:50:51.763" level="INFO">Typing text '5144 6209 3773 6750' into text field '//input[contains(@name,'cardNumber')]'.</msg>
<status status="PASS" starttime="20221121 08:50:51.762" endtime="20221121 08:50:51.839"/>
</kw>
<kw name="Input Text" library="SeleniumLibrary">
<arg>${BOX_NAME}</arg>
<arg>${COMPLET_NAME}</arg>
<doc>Types the given ``text`` into the text field identified by ``locator``.</doc>
<msg timestamp="20221121 08:50:51.840" level="INFO">Typing text 'Maria Jose Teste' into text field '//input[contains(@name,'cardName')]'.</msg>
<status status="PASS" starttime="20221121 08:50:51.839" endtime="20221121 08:50:51.894"/>
</kw>
<kw name="Click Element" library="SeleniumLibrary">
<arg>${EXPIRATION_YEAR}</arg>
<doc>Click the element identified by ``locator``.</doc>
<msg timestamp="20221121 08:50:51.895" level="INFO">Clicking element '//option[@value='2023'][contains(.,'23')]'.</msg>
<status status="PASS" starttime="20221121 08:50:51.895" endtime="20221121 08:50:51.913"/>
</kw>
<kw name="Click Element" library="SeleniumLibrary">
<arg>${EXPIRATION_MONTH}</arg>
<doc>Click the element identified by ``locator``.</doc>
<msg timestamp="20221121 08:50:51.914" level="INFO">Clicking element '//option[@value='03'][contains(.,'03 (Março)')]'.</msg>
<status status="PASS" starttime="20221121 08:50:51.913" endtime="20221121 08:50:51.936"/>
</kw>
<kw name="Input Text" library="SeleniumLibrary">
<arg>${SECURIY_BOX}</arg>
<arg>${SECURITY_CODE}</arg>
<doc>Types the given ``text`` into the text field identified by ``locator``.</doc>
<msg timestamp="20221121 08:50:51.936" level="INFO">Typing text '187' into text field '//input[contains(@name,'cardCSEG')]'.</msg>
<status status="PASS" starttime="20221121 08:50:51.936" endtime="20221121 08:50:51.980"/>
</kw>
<status status="PASS" starttime="20221121 08:50:51.762" endtime="20221121 08:50:51.980"/>
</kw>
<kw name="And selecione a vista" library="HomeJogatina.pages">
<kw name="Click Element" library="SeleniumLibrary">
<arg>${AVISTA}</arg>
<doc>Click the element identified by ``locator``.</doc>
<msg timestamp="20221121 08:50:51.980" level="INFO">Clicking element '//button[@type='button'][contains(.,'À Vista')]'.</msg>
<status status="PASS" starttime="20221121 08:50:51.980" endtime="20221121 08:50:52.019"/>
</kw>
<status status="PASS" starttime="20221121 08:50:51.980" endtime="20221121 08:50:52.020"/>
</kw>
<kw name="Then assine o plano" library="HomeJogatina.pages">
<kw name="Click Element" library="SeleniumLibrary">
<arg>${ASSINATION}</arg>
<doc>Click the element identified by ``locator``.</doc>
<msg timestamp="20221121 08:50:52.020" level="INFO">Clicking element '//button[@type='submit'][contains(.,'Assinar')]'.</msg>
<status status="PASS" starttime="20221121 08:50:52.020" endtime="20221121 08:50:52.064"/>
</kw>
<status status="PASS" starttime="20221121 08:50:52.020" endtime="20221121 08:50:52.064"/>
</kw>
<kw name="Finish Test" library="hooks.pages.commons" type="TEARDOWN">
<kw name="Capture Page Screenshot" library="SeleniumLibrary">
<doc>Takes a screenshot of the current page and embeds it into a log file.</doc>
<msg timestamp="20221121 08:50:52.220" level="INFO" html="true">&lt;/td&gt;&lt;/tr&gt;&lt;tr&gt;&lt;td colspan="3"&gt;&lt;a href="selenium-screenshot-4.png"&gt;&lt;img src="selenium-screenshot-4.png" width="800px"&gt;&lt;/a&gt;</msg>
<status status="PASS" starttime="20221121 08:50:52.064" endtime="20221121 08:50:52.221"/>
</kw>
<kw name="Close Browser" library="SeleniumLibrary">
<doc>Closes the current browser.</doc>
<status status="PASS" starttime="20221121 08:50:52.221" endtime="20221121 08:50:52.280"/>
</kw>
<status status="PASS" starttime="20221121 08:50:52.064" endtime="20221121 08:50:52.280"/>
</kw>
<status status="PASS" starttime="20221121 08:50:46.614" endtime="20221121 08:50:52.280"/>
</test>
<status status="PASS" starttime="20221121 08:50:33.281" endtime="20221121 08:50:52.281"/>
</suite>
<statistics>
<total>
<stat pass="4" fail="0" skip="0">All Tests</stat>
</total>
<tag>
</tag>
<suite>
<stat pass="4" fail="0" skip="0" id="s1" name="JogatinaBDDs.tests">JogatinaBDDs.tests</stat>
</suite>
</statistics>
<errors>
</errors>
</robot>
